<?xml version="1.0" encoding="UTF-8"?>
<!-- Generated by org.testng.reporters.JUnitReportReporter -->
<testsuite skipped="0" hostname="Hp-Komputer" name="com.testautomation.TestRunner.TestRunner" tests="1" failures="0" timestamp="2019-01-11T20:10:09 CET" time="18.651" errors="0">
  <testcase name="feature" time="18.651" classname="com.testautomation.TestRunner.TestRunner"/>
</testsuite> <!-- com.testautomation.TestRunner.TestRunner -->
