<?xml version="1.0" encoding="UTF-8"?>
<!-- Generated by org.testng.reporters.JUnitReportReporter -->
<testsuite skipped="0" hostname="LAPTOP-K6546IAP" name="com.testautomation.TestRunner.TestRunner" tests="1" failures="0" timestamp="2019-02-06T11:16:09 CET" time="14.033" errors="0">
  <testcase name="feature" time="14.033" classname="com.testautomation.TestRunner.TestRunner"/>
</testsuite> <!-- com.testautomation.TestRunner.TestRunner -->
